<?xml version="1.0" encoding="UTF-8"?>
<testng-results ignored="0" total="1" passed="1" failed="0" skipped="0">
  <reporter-output>
    <line>
      <![CDATA[Abrimos el navegador en www.google.com]]>
    </line>
    <line>
      <![CDATA[Abrimos la pagina web www.demoblaze.com]]>
    </line>
    <line>
      <![CDATA[Tomamos el boton para el login y chequeamos que esté visible]]>
    </line>
    <line>
      <![CDATA[Hacemos click en el boton Login]]>
    </line>
    <line>
      <![CDATA[Tomamos los inputs para insertar username y password]]>
    </line>
    <line>
      <![CDATA[Rellenamos los campos con datos validos]]>
    </line>
    <line>
      <![CDATA[Hacemos click en el boton Submit]]>
    </line>
    <line>
      <![CDATA[Obtenemos el nombre del usuario iniciado]]>
    </line>
    <line>
      <![CDATA[Comparamos el username ingresado por el esperado]]>
    </line>
  </reporter-output>
  <suite started-at="2024-09-18T10:33:41 ART" name="Default suite" finished-at="2024-09-18T10:33:58 ART" duration-ms="17029">
    <groups>
    </groups>
    <test started-at="2024-09-18T10:33:41 ART" name="Default test" finished-at="2024-09-18T10:33:58 ART" duration-ms="17029">
      <class name="TestCases.TestDemoBlaze">
        <test-method is-config="true" signature="Precondicion()[pri:0, instance:TestCases.TestDemoBlaze@69b2283a]" started-at="2024-09-18T10:33:41 ART" name="Precondicion" finished-at="2024-09-18T10:33:45 ART" duration-ms="4748" status="PASS">
          <reporter-output>
            <line>
              <![CDATA[Abrimos el navegador en www.google.com]]>
            </line>
          </reporter-output>
        </test-method> <!-- Precondicion -->
        <test-method signature="ValidarLogin()[pri:0, instance:TestCases.TestDemoBlaze@69b2283a]" started-at="2024-09-18T10:33:45 ART" name="ValidarLogin" description="Validar que el sitio logee correctamente" finished-at="2024-09-18T10:33:57 ART" duration-ms="11078" status="PASS">
          <reporter-output>
            <line>
              <![CDATA[Abrimos la pagina web www.demoblaze.com]]>
            </line>
            <line>
              <![CDATA[Tomamos el boton para el login y chequeamos que esté visible]]>
            </line>
            <line>
              <![CDATA[Hacemos click en el boton Login]]>
            </line>
            <line>
              <![CDATA[Tomamos los inputs para insertar username y password]]>
            </line>
            <line>
              <![CDATA[Rellenamos los campos con datos validos]]>
            </line>
            <line>
              <![CDATA[Hacemos click en el boton Submit]]>
            </line>
            <line>
              <![CDATA[Obtenemos el nombre del usuario iniciado]]>
            </line>
            <line>
              <![CDATA[Comparamos el username ingresado por el esperado]]>
            </line>
          </reporter-output>
        </test-method> <!-- ValidarLogin -->
        <test-method is-config="true" signature="PostCondicion()[pri:0, instance:TestCases.TestDemoBlaze@69b2283a]" started-at="2024-09-18T10:33:57 ART" name="PostCondicion" finished-at="2024-09-18T10:33:58 ART" duration-ms="1135" status="PASS">
          <reporter-output>
          </reporter-output>
        </test-method> <!-- PostCondicion -->
      </class> <!-- TestCases.TestDemoBlaze -->
    </test> <!-- Default test -->
  </suite> <!-- Default suite -->
</testng-results>
