<?xml version="1.0" encoding="UTF-8"?>
<!-- Generated by org.testng.reporters.JUnitReportReporter -->
<testsuite hostname="DESKTOP-RRL37TT" failures="0" tests="1" name="Test.TestDemoBlaze" time="4.943" errors="0" timestamp="2024-09-17T08:17:34 ART" skipped="0">
  <testcase classname="Test.TestDemoBlaze" name="ValidarLogin" time="4.943"/>
  <system-out>
    <![CDATA[Abrimos la pagina web www.demoblaze.com
Tomamoas el boton para el login y chequeamos que esté visible
Hacemos click en el boton Login
Tomamos los inputs para insertar username y password
Rellenamos los campos con datos validos
Hacemos click en el boton Submit
Obtenemos el nombre del usuario iniciado
Comparamos el username ingresado por el esperado]]>
  </system-out>
</testsuite> <!-- Test.TestDemoBlaze -->
